2025-05-28T05:30:42.138+05:30  INFO 14984 --- [dtc-service] [main] c.e.d.DtcServiceApplicationTests         : Starting DtcServiceApplicationTests using Java 17.0.1 with PID 14984 (started by asifi in D:\projects\connected-diagnostics\dtc-service)
2025-05-28T05:30:42.148+05:30 DEBUG 14984 --- [dtc-service] [main] c.e.d.DtcServiceApplicationTests         : Running with Spring Boot v3.5.0, Spring v6.2.7
2025-05-28T05:30:42.152+05:30  INFO 14984 --- [dtc-service] [main] c.e.d.DtcServiceApplicationTests         : No active profile set, falling back to 1 default profile: "default"
2025-05-28T05:30:44.701+05:30  INFO 14984 --- [dtc-service] [main] .s.d.r.c.RepositoryConfigurationDelegate : Bootstrapping Spring Data JPA repositories in DEFAULT mode.
2025-05-28T05:30:44.840+05:30  INFO 14984 --- [dtc-service] [main] .s.d.r.c.RepositoryConfigurationDelegate : Finished Spring Data repository scanning in 115 ms. Found 1 JPA repository interface.
2025-05-28T05:30:45.960+05:30  INFO 14984 --- [dtc-service] [main] o.hibernate.jpa.internal.util.LogHelper  : HHH000204: Processing PersistenceUnitInfo [name: default]
2025-05-28T05:30:46.088+05:30  INFO 14984 --- [dtc-service] [main] org.hibernate.Version                    : HHH000412: Hibernate ORM core version 6.6.15.Final
2025-05-28T05:30:46.192+05:30  INFO 14984 --- [dtc-service] [main] o.h.c.internal.RegionFactoryInitiator    : HHH000026: Second-level cache disabled
2025-05-28T05:30:46.771+05:30  INFO 14984 --- [dtc-service] [main] o.s.o.j.p.SpringPersistenceUnitInfo      : No LoadTimeWeaver setup: ignoring JPA class transformer
2025-05-28T05:30:46.816+05:30  INFO 14984 --- [dtc-service] [main] com.zaxxer.hikari.HikariDataSource       : HikariPool-1 - Starting...
2025-05-28T05:30:47.167+05:30  INFO 14984 --- [dtc-service] [main] com.zaxxer.hikari.pool.HikariPool        : HikariPool-1 - Added connection org.postgresql.jdbc.PgConnection@117fb9ba
2025-05-28T05:30:47.170+05:30  INFO 14984 --- [dtc-service] [main] com.zaxxer.hikari.HikariDataSource       : HikariPool-1 - Start completed.
2025-05-28T05:30:47.361+05:30  INFO 14984 --- [dtc-service] [main] org.hibernate.orm.connections.pooling    : HHH10001005: Database info:
	Database JDBC URL [Connecting through datasource 'HikariDataSource (HikariPool-1)']
	Database driver: undefined/unknown
	Database version: 15.13
	Autocommit mode: undefined/unknown
	Isolation level: undefined/unknown
	Minimum pool size: undefined/unknown
	Maximum pool size: undefined/unknown
2025-05-28T05:30:49.087+05:30  INFO 14984 --- [dtc-service] [main] o.h.e.t.j.p.i.JtaPlatformInitiator       : HHH000489: No JTA platform available (set 'hibernate.transaction.jta.platform' to enable JTA platform integration)
2025-05-28T05:30:49.182+05:30  INFO 14984 --- [dtc-service] [main] j.LocalContainerEntityManagerFactoryBean : Initialized JPA EntityManagerFactory for persistence unit 'default'
2025-05-28T05:30:49.922+05:30  WARN 14984 --- [dtc-service] [main] JpaBaseConfiguration$JpaWebConfiguration : spring.jpa.open-in-view is enabled by default. Therefore, database queries may be performed during view rendering. Explicitly configure spring.jpa.open-in-view to disable this warning
2025-05-28T05:30:50.923+05:30  WARN 14984 --- [dtc-service] [main] .s.s.UserDetailsServiceAutoConfiguration : 

Using generated security password: 7b30e50f-a723-4b1f-b3cc-abda84c7a416

This generated password is for development use only. Your security configuration must be updated before running your application in production.

2025-05-28T05:30:50.940+05:30  INFO 14984 --- [dtc-service] [main] r$InitializeUserDetailsManagerConfigurer : Global AuthenticationManager configured with UserDetailsService bean with name inMemoryUserDetailsManager
2025-05-28T05:30:51.324+05:30  INFO 14984 --- [dtc-service] [main] o.s.b.a.e.web.EndpointLinksResolver      : Exposing 1 endpoint beneath base path '/actuator'
2025-05-28T05:30:52.567+05:30  INFO 14984 --- [dtc-service] [main] o.a.k.clients.consumer.ConsumerConfig    : ConsumerConfig values: 
	allow.auto.create.topics = true
	auto.commit.interval.ms = 5000
	auto.include.jmx.reporter = true
	auto.offset.reset = latest
	bootstrap.servers = [localhost:9092]
	check.crcs = true
	client.dns.lookup = use_all_dns_ips
	client.id = consumer-dtc-service-group-1
	client.rack = 
	connections.max.idle.ms = 540000
	default.api.timeout.ms = 60000
	enable.auto.commit = false
	enable.metrics.push = true
	exclude.internal.topics = true
	fetch.max.bytes = 52428800
	fetch.max.wait.ms = 500
	fetch.min.bytes = 1
	group.id = dtc-service-group
	group.instance.id = null
	group.protocol = classic
	group.remote.assignor = null
	heartbeat.interval.ms = 3000
	interceptor.classes = []
	internal.leave.group.on.close = true
	internal.throw.on.fetch.stable.offset.unsupported = false
	isolation.level = read_uncommitted
	key.deserializer = class org.apache.kafka.common.serialization.StringDeserializer
	max.partition.fetch.bytes = 1048576
	max.poll.interval.ms = 300000
	max.poll.records = 500
	metadata.max.age.ms = 300000
	metadata.recovery.strategy = none
	metric.reporters = []
	metrics.num.samples = 2
	metrics.recording.level = INFO
	metrics.sample.window.ms = 30000
	partition.assignment.strategy = [class org.apache.kafka.clients.consumer.RangeAssignor, class org.apache.kafka.clients.consumer.CooperativeStickyAssignor]
	receive.buffer.bytes = 65536
	reconnect.backoff.max.ms = 1000
	reconnect.backoff.ms = 50
	request.timeout.ms = 30000
	retry.backoff.max.ms = 1000
	retry.backoff.ms = 100
	sasl.client.callback.handler.class = null
	sasl.jaas.config = null
	sasl.kerberos.kinit.cmd = /usr/bin/kinit
	sasl.kerberos.min.time.before.relogin = 60000
	sasl.kerberos.service.name = null
	sasl.kerberos.ticket.renew.jitter = 0.05
	sasl.kerberos.ticket.renew.window.factor = 0.8
	sasl.login.callback.handler.class = null
	sasl.login.class = null
	sasl.login.connect.timeout.ms = null
	sasl.login.read.timeout.ms = null
	sasl.login.refresh.buffer.seconds = 300
	sasl.login.refresh.min.period.seconds = 60
	sasl.login.refresh.window.factor = 0.8
	sasl.login.refresh.window.jitter = 0.05
	sasl.login.retry.backoff.max.ms = 10000
	sasl.login.retry.backoff.ms = 100
	sasl.mechanism = GSSAPI
	sasl.oauthbearer.clock.skew.seconds = 30
	sasl.oauthbearer.expected.audience = null
	sasl.oauthbearer.expected.issuer = null
	sasl.oauthbearer.header.urlencode = false
	sasl.oauthbearer.jwks.endpoint.refresh.ms = 3600000
	sasl.oauthbearer.jwks.endpoint.retry.backoff.max.ms = 10000
	sasl.oauthbearer.jwks.endpoint.retry.backoff.ms = 100
	sasl.oauthbearer.jwks.endpoint.url = null
	sasl.oauthbearer.scope.claim.name = scope
	sasl.oauthbearer.sub.claim.name = sub
	sasl.oauthbearer.token.endpoint.url = null
	security.protocol = PLAINTEXT
	security.providers = null
	send.buffer.bytes = 131072
	session.timeout.ms = 45000
	socket.connection.setup.timeout.max.ms = 30000
	socket.connection.setup.timeout.ms = 10000
	ssl.cipher.suites = null
	ssl.enabled.protocols = [TLSv1.2, TLSv1.3]
	ssl.endpoint.identification.algorithm = https
	ssl.engine.factory.class = null
	ssl.key.password = null
	ssl.keymanager.algorithm = SunX509
	ssl.keystore.certificate.chain = null
	ssl.keystore.key = null
	ssl.keystore.location = null
	ssl.keystore.password = null
	ssl.keystore.type = JKS
	ssl.protocol = TLSv1.3
	ssl.provider = null
	ssl.secure.random.implementation = null
	ssl.trustmanager.algorithm = PKIX
	ssl.truststore.certificates = null
	ssl.truststore.location = null
	ssl.truststore.password = null
	ssl.truststore.type = JKS
	value.deserializer = class org.apache.kafka.common.serialization.StringDeserializer

2025-05-28T05:30:52.688+05:30  INFO 14984 --- [dtc-service] [main] o.a.k.c.t.i.KafkaMetricsCollector        : initializing Kafka metrics collector
2025-05-28T05:30:53.007+05:30  INFO 14984 --- [dtc-service] [main] o.a.kafka.common.utils.AppInfoParser     : Kafka version: 3.9.1
2025-05-28T05:30:53.007+05:30  INFO 14984 --- [dtc-service] [main] o.a.kafka.common.utils.AppInfoParser     : Kafka commitId: f745dfdcee2b9851
2025-05-28T05:30:53.008+05:30  INFO 14984 --- [dtc-service] [main] o.a.kafka.common.utils.AppInfoParser     : Kafka startTimeMs: 1748390453004
2025-05-28T05:30:53.030+05:30  INFO 14984 --- [dtc-service] [main] o.a.k.c.c.i.ClassicKafkaConsumer         : [Consumer clientId=consumer-dtc-service-group-1, groupId=dtc-service-group] Subscribed to topic(s): vehicle.dtc.events
2025-05-28T05:30:53.081+05:30  INFO 14984 --- [dtc-service] [main] c.e.d.DtcServiceApplicationTests         : Started DtcServiceApplicationTests in 12.436 seconds (process running for 14.728)
2025-05-28T05:30:54.915+05:30  INFO 14984 --- [dtc-service] [org.springframework.kafka.KafkaListenerEndpointContainer#0-0-C-1] o.a.k.c.c.internals.ConsumerCoordinator  : [Consumer clientId=consumer-dtc-service-group-1, groupId=dtc-service-group] Resetting generation and member id due to: consumer pro-actively leaving the group
2025-05-28T05:30:54.916+05:30  INFO 14984 --- [dtc-service] [org.springframework.kafka.KafkaListenerEndpointContainer#0-0-C-1] o.a.k.c.c.internals.ConsumerCoordinator  : [Consumer clientId=consumer-dtc-service-group-1, groupId=dtc-service-group] Request joining group due to: consumer pro-actively leaving the group
2025-05-28T05:30:54.916+05:30  INFO 14984 --- [dtc-service] [org.springframework.kafka.KafkaListenerEndpointContainer#0-0-C-1] o.a.k.c.c.i.ClassicKafkaConsumer         : [Consumer clientId=consumer-dtc-service-group-1, groupId=dtc-service-group] Unsubscribed all topics or patterns and assigned partitions
2025-05-28T05:30:54.919+05:30  INFO 14984 --- [dtc-service] [org.springframework.kafka.KafkaListenerEndpointContainer#0-0-C-1] o.a.k.c.c.internals.ConsumerCoordinator  : [Consumer clientId=consumer-dtc-service-group-1, groupId=dtc-service-group] Resetting generation and member id due to: consumer pro-actively leaving the group
2025-05-28T05:30:54.920+05:30  INFO 14984 --- [dtc-service] [org.springframework.kafka.KafkaListenerEndpointContainer#0-0-C-1] o.a.k.c.c.internals.ConsumerCoordinator  : [Consumer clientId=consumer-dtc-service-group-1, groupId=dtc-service-group] Request joining group due to: consumer pro-actively leaving the group
2025-05-28T05:30:54.928+05:30  INFO 14984 --- [dtc-service] [org.springframework.kafka.KafkaListenerEndpointContainer#0-0-C-1] o.apache.kafka.common.metrics.Metrics    : Metrics scheduler closed
2025-05-28T05:30:54.929+05:30  INFO 14984 --- [dtc-service] [org.springframework.kafka.KafkaListenerEndpointContainer#0-0-C-1] o.apache.kafka.common.metrics.Metrics    : Closing reporter org.apache.kafka.common.metrics.JmxReporter
2025-05-28T05:30:54.929+05:30  INFO 14984 --- [dtc-service] [org.springframework.kafka.KafkaListenerEndpointContainer#0-0-C-1] o.apache.kafka.common.metrics.Metrics    : Closing reporter org.apache.kafka.common.telemetry.internals.ClientTelemetryReporter
2025-05-28T05:30:54.929+05:30  INFO 14984 --- [dtc-service] [org.springframework.kafka.KafkaListenerEndpointContainer#0-0-C-1] o.apache.kafka.common.metrics.Metrics    : Metrics reporters closed
2025-05-28T05:30:54.948+05:30  INFO 14984 --- [dtc-service] [org.springframework.kafka.KafkaListenerEndpointContainer#0-0-C-1] o.a.kafka.common.utils.AppInfoParser     : App info kafka.consumer for consumer-dtc-service-group-1 unregistered
2025-05-28T05:30:54.949+05:30  INFO 14984 --- [dtc-service] [org.springframework.kafka.KafkaListenerEndpointContainer#0-0-C-1] o.s.k.l.KafkaMessageListenerContainer    : dtc-service-group: Consumer stopped
2025-05-28T05:30:54.957+05:30  INFO 14984 --- [dtc-service] [SpringApplicationShutdownHook] j.LocalContainerEntityManagerFactoryBean : Closing JPA EntityManagerFactory for persistence unit 'default'
2025-05-28T05:30:54.961+05:30  INFO 14984 --- [dtc-service] [SpringApplicationShutdownHook] com.zaxxer.hikari.HikariDataSource       : HikariPool-1 - Shutdown initiated...
2025-05-28T05:30:54.968+05:30  INFO 14984 --- [dtc-service] [SpringApplicationShutdownHook] com.zaxxer.hikari.HikariDataSource       : HikariPool-1 - Shutdown completed.
2025-05-28T06:07:00.794+05:30  INFO 7160 --- [dtc-service] [main] c.e.d.DtcServiceApplicationTests         : Starting DtcServiceApplicationTests using Java 17.0.1 with PID 7160 (started by asifi in D:\projects\connected-diagnostics\dtc-service)
2025-05-28T06:07:00.800+05:30 DEBUG 7160 --- [dtc-service] [main] c.e.d.DtcServiceApplicationTests         : Running with Spring Boot v3.5.0, Spring v6.2.7
2025-05-28T06:07:00.801+05:30  INFO 7160 --- [dtc-service] [main] c.e.d.DtcServiceApplicationTests         : No active profile set, falling back to 1 default profile: "default"
2025-05-28T06:07:02.781+05:30  INFO 7160 --- [dtc-service] [main] .s.d.r.c.RepositoryConfigurationDelegate : Bootstrapping Spring Data JPA repositories in DEFAULT mode.
2025-05-28T06:07:02.879+05:30  INFO 7160 --- [dtc-service] [main] .s.d.r.c.RepositoryConfigurationDelegate : Finished Spring Data repository scanning in 77 ms. Found 1 JPA repository interface.
2025-05-28T06:07:03.723+05:30  INFO 7160 --- [dtc-service] [main] o.hibernate.jpa.internal.util.LogHelper  : HHH000204: Processing PersistenceUnitInfo [name: default]
2025-05-28T06:07:03.816+05:30  INFO 7160 --- [dtc-service] [main] org.hibernate.Version                    : HHH000412: Hibernate ORM core version 6.6.15.Final
2025-05-28T06:07:03.875+05:30  INFO 7160 --- [dtc-service] [main] o.h.c.internal.RegionFactoryInitiator    : HHH000026: Second-level cache disabled
2025-05-28T06:07:04.584+05:30  INFO 7160 --- [dtc-service] [main] o.s.o.j.p.SpringPersistenceUnitInfo      : No LoadTimeWeaver setup: ignoring JPA class transformer
2025-05-28T06:07:04.632+05:30  INFO 7160 --- [dtc-service] [main] com.zaxxer.hikari.HikariDataSource       : HikariPool-1 - Starting...
2025-05-28T06:07:04.933+05:30  INFO 7160 --- [dtc-service] [main] com.zaxxer.hikari.pool.HikariPool        : HikariPool-1 - Added connection org.postgresql.jdbc.PgConnection@38826984
2025-05-28T06:07:04.936+05:30  INFO 7160 --- [dtc-service] [main] com.zaxxer.hikari.HikariDataSource       : HikariPool-1 - Start completed.
2025-05-28T06:07:05.044+05:30  INFO 7160 --- [dtc-service] [main] org.hibernate.orm.connections.pooling    : HHH10001005: Database info:
	Database JDBC URL [Connecting through datasource 'HikariDataSource (HikariPool-1)']
	Database driver: undefined/unknown
	Database version: 15.13
	Autocommit mode: undefined/unknown
	Isolation level: undefined/unknown
	Minimum pool size: undefined/unknown
	Maximum pool size: undefined/unknown
2025-05-28T06:07:06.882+05:30  INFO 7160 --- [dtc-service] [main] o.h.e.t.j.p.i.JtaPlatformInitiator       : HHH000489: No JTA platform available (set 'hibernate.transaction.jta.platform' to enable JTA platform integration)
2025-05-28T06:07:06.958+05:30  INFO 7160 --- [dtc-service] [main] j.LocalContainerEntityManagerFactoryBean : Initialized JPA EntityManagerFactory for persistence unit 'default'
2025-05-28T06:07:07.663+05:30  WARN 7160 --- [dtc-service] [main] JpaBaseConfiguration$JpaWebConfiguration : spring.jpa.open-in-view is enabled by default. Therefore, database queries may be performed during view rendering. Explicitly configure spring.jpa.open-in-view to disable this warning
2025-05-28T06:07:08.814+05:30  INFO 7160 --- [dtc-service] [main] o.s.b.a.e.web.EndpointLinksResolver      : Exposing 1 endpoint beneath base path '/actuator'
2025-05-28T06:07:09.055+05:30  INFO 7160 --- [dtc-service] [main] o.a.k.clients.consumer.ConsumerConfig    : ConsumerConfig values: 
	allow.auto.create.topics = true
	auto.commit.interval.ms = 5000
	auto.include.jmx.reporter = true
	auto.offset.reset = latest
	bootstrap.servers = [localhost:9092]
	check.crcs = true
	client.dns.lookup = use_all_dns_ips
	client.id = consumer-dtc-service-group-1
	client.rack = 
	connections.max.idle.ms = 540000
	default.api.timeout.ms = 60000
	enable.auto.commit = false
	enable.metrics.push = true
	exclude.internal.topics = true
	fetch.max.bytes = 52428800
	fetch.max.wait.ms = 500
	fetch.min.bytes = 1
	group.id = dtc-service-group
	group.instance.id = null
	group.protocol = classic
	group.remote.assignor = null
	heartbeat.interval.ms = 3000
	interceptor.classes = []
	internal.leave.group.on.close = true
	internal.throw.on.fetch.stable.offset.unsupported = false
	isolation.level = read_uncommitted
	key.deserializer = class org.apache.kafka.common.serialization.StringDeserializer
	max.partition.fetch.bytes = 1048576
	max.poll.interval.ms = 300000
	max.poll.records = 500
	metadata.max.age.ms = 300000
	metadata.recovery.strategy = none
	metric.reporters = []
	metrics.num.samples = 2
	metrics.recording.level = INFO
	metrics.sample.window.ms = 30000
	partition.assignment.strategy = [class org.apache.kafka.clients.consumer.RangeAssignor, class org.apache.kafka.clients.consumer.CooperativeStickyAssignor]
	receive.buffer.bytes = 65536
	reconnect.backoff.max.ms = 1000
	reconnect.backoff.ms = 50
	request.timeout.ms = 30000
	retry.backoff.max.ms = 1000
	retry.backoff.ms = 100
	sasl.client.callback.handler.class = null
	sasl.jaas.config = null
	sasl.kerberos.kinit.cmd = /usr/bin/kinit
	sasl.kerberos.min.time.before.relogin = 60000
	sasl.kerberos.service.name = null
	sasl.kerberos.ticket.renew.jitter = 0.05
	sasl.kerberos.ticket.renew.window.factor = 0.8
	sasl.login.callback.handler.class = null
	sasl.login.class = null
	sasl.login.connect.timeout.ms = null
	sasl.login.read.timeout.ms = null
	sasl.login.refresh.buffer.seconds = 300
	sasl.login.refresh.min.period.seconds = 60
	sasl.login.refresh.window.factor = 0.8
	sasl.login.refresh.window.jitter = 0.05
	sasl.login.retry.backoff.max.ms = 10000
	sasl.login.retry.backoff.ms = 100
	sasl.mechanism = GSSAPI
	sasl.oauthbearer.clock.skew.seconds = 30
	sasl.oauthbearer.expected.audience = null
	sasl.oauthbearer.expected.issuer = null
	sasl.oauthbearer.header.urlencode = false
	sasl.oauthbearer.jwks.endpoint.refresh.ms = 3600000
	sasl.oauthbearer.jwks.endpoint.retry.backoff.max.ms = 10000
	sasl.oauthbearer.jwks.endpoint.retry.backoff.ms = 100
	sasl.oauthbearer.jwks.endpoint.url = null
	sasl.oauthbearer.scope.claim.name = scope
	sasl.oauthbearer.sub.claim.name = sub
	sasl.oauthbearer.token.endpoint.url = null
	security.protocol = PLAINTEXT
	security.providers = null
	send.buffer.bytes = 131072
	session.timeout.ms = 45000
	socket.connection.setup.timeout.max.ms = 30000
	socket.connection.setup.timeout.ms = 10000
	ssl.cipher.suites = null
	ssl.enabled.protocols = [TLSv1.2, TLSv1.3]
	ssl.endpoint.identification.algorithm = https
	ssl.engine.factory.class = null
	ssl.key.password = null
	ssl.keymanager.algorithm = SunX509
	ssl.keystore.certificate.chain = null
	ssl.keystore.key = null
	ssl.keystore.location = null
	ssl.keystore.password = null
	ssl.keystore.type = JKS
	ssl.protocol = TLSv1.3
	ssl.provider = null
	ssl.secure.random.implementation = null
	ssl.trustmanager.algorithm = PKIX
	ssl.truststore.certificates = null
	ssl.truststore.location = null
	ssl.truststore.password = null
	ssl.truststore.type = JKS
	value.deserializer = class org.apache.kafka.common.serialization.StringDeserializer

2025-05-28T06:07:09.366+05:30  INFO 7160 --- [dtc-service] [main] o.a.k.c.t.i.KafkaMetricsCollector        : initializing Kafka metrics collector
2025-05-28T06:07:09.679+05:30  INFO 7160 --- [dtc-service] [main] o.a.kafka.common.utils.AppInfoParser     : Kafka version: 3.9.1
2025-05-28T06:07:09.680+05:30  INFO 7160 --- [dtc-service] [main] o.a.kafka.common.utils.AppInfoParser     : Kafka commitId: f745dfdcee2b9851
2025-05-28T06:07:09.680+05:30  INFO 7160 --- [dtc-service] [main] o.a.kafka.common.utils.AppInfoParser     : Kafka startTimeMs: 1748392629674
2025-05-28T06:07:09.734+05:30  INFO 7160 --- [dtc-service] [main] o.a.k.c.c.i.ClassicKafkaConsumer         : [Consumer clientId=consumer-dtc-service-group-1, groupId=dtc-service-group] Subscribed to topic(s): vehicle.dtc.events
2025-05-28T06:07:09.775+05:30  INFO 7160 --- [dtc-service] [main] c.e.d.DtcServiceApplicationTests         : Started DtcServiceApplicationTests in 10.433 seconds (process running for 12.42)
2025-05-28T06:07:11.522+05:30  INFO 7160 --- [dtc-service] [org.springframework.kafka.KafkaListenerEndpointContainer#0-0-C-1] o.a.k.c.c.internals.ConsumerCoordinator  : [Consumer clientId=consumer-dtc-service-group-1, groupId=dtc-service-group] Resetting generation and member id due to: consumer pro-actively leaving the group
2025-05-28T06:07:11.523+05:30  INFO 7160 --- [dtc-service] [org.springframework.kafka.KafkaListenerEndpointContainer#0-0-C-1] o.a.k.c.c.internals.ConsumerCoordinator  : [Consumer clientId=consumer-dtc-service-group-1, groupId=dtc-service-group] Request joining group due to: consumer pro-actively leaving the group
2025-05-28T06:07:11.523+05:30  INFO 7160 --- [dtc-service] [org.springframework.kafka.KafkaListenerEndpointContainer#0-0-C-1] o.a.k.c.c.i.ClassicKafkaConsumer         : [Consumer clientId=consumer-dtc-service-group-1, groupId=dtc-service-group] Unsubscribed all topics or patterns and assigned partitions
2025-05-28T06:07:11.527+05:30  INFO 7160 --- [dtc-service] [org.springframework.kafka.KafkaListenerEndpointContainer#0-0-C-1] o.a.k.c.c.internals.ConsumerCoordinator  : [Consumer clientId=consumer-dtc-service-group-1, groupId=dtc-service-group] Resetting generation and member id due to: consumer pro-actively leaving the group
2025-05-28T06:07:11.528+05:30  INFO 7160 --- [dtc-service] [org.springframework.kafka.KafkaListenerEndpointContainer#0-0-C-1] o.a.k.c.c.internals.ConsumerCoordinator  : [Consumer clientId=consumer-dtc-service-group-1, groupId=dtc-service-group] Request joining group due to: consumer pro-actively leaving the group
2025-05-28T06:07:11.538+05:30  INFO 7160 --- [dtc-service] [org.springframework.kafka.KafkaListenerEndpointContainer#0-0-C-1] o.apache.kafka.common.metrics.Metrics    : Metrics scheduler closed
2025-05-28T06:07:11.538+05:30  INFO 7160 --- [dtc-service] [org.springframework.kafka.KafkaListenerEndpointContainer#0-0-C-1] o.apache.kafka.common.metrics.Metrics    : Closing reporter org.apache.kafka.common.metrics.JmxReporter
2025-05-28T06:07:11.539+05:30  INFO 7160 --- [dtc-service] [org.springframework.kafka.KafkaListenerEndpointContainer#0-0-C-1] o.apache.kafka.common.metrics.Metrics    : Closing reporter org.apache.kafka.common.telemetry.internals.ClientTelemetryReporter
2025-05-28T06:07:11.539+05:30  INFO 7160 --- [dtc-service] [org.springframework.kafka.KafkaListenerEndpointContainer#0-0-C-1] o.apache.kafka.common.metrics.Metrics    : Metrics reporters closed
2025-05-28T06:07:11.562+05:30  INFO 7160 --- [dtc-service] [org.springframework.kafka.KafkaListenerEndpointContainer#0-0-C-1] o.a.kafka.common.utils.AppInfoParser     : App info kafka.consumer for consumer-dtc-service-group-1 unregistered
2025-05-28T06:07:11.564+05:30  INFO 7160 --- [dtc-service] [org.springframework.kafka.KafkaListenerEndpointContainer#0-0-C-1] o.s.k.l.KafkaMessageListenerContainer    : dtc-service-group: Consumer stopped
2025-05-28T06:07:11.574+05:30  INFO 7160 --- [dtc-service] [SpringApplicationShutdownHook] j.LocalContainerEntityManagerFactoryBean : Closing JPA EntityManagerFactory for persistence unit 'default'
2025-05-28T06:07:11.583+05:30  INFO 7160 --- [dtc-service] [SpringApplicationShutdownHook] com.zaxxer.hikari.HikariDataSource       : HikariPool-1 - Shutdown initiated...
2025-05-28T06:07:11.595+05:30  INFO 7160 --- [dtc-service] [SpringApplicationShutdownHook] com.zaxxer.hikari.HikariDataSource       : HikariPool-1 - Shutdown completed.
